
  =================================================
  "Automated testing of GhostDrive WEB Application"
  =================================================
  STAGE               :: release,
  TAGS                :: @smoke,
  started Tests at    :: 2022-06-10T13:08:42.764Z,
  ended Tests at      :: 2022-06-10T13:08:55.780Z,
  OS name             :: win32,
  OS --version        :: 10.0.22000,
  Browser             :: electron,
  Browser --version   :: 100.0.4896.75,
  Cypress --version   :: 10.0.3,
  -------------------------------------------------
  RUN RESULT 
  -------------------------------------------------
  total Tests         :: 4,
  total Failed        :: 0,
  total Passed        :: 4,
  total Pending       :: 0,
  total Skipped       :: 0,
  -------------------------------------------------

  reports >> http://ghostdrive-qa-allure.s3-website-us-east-1.amazonaws.com/
  