
    =================================================
    "Automated testing of GhostDrive WEB Application"
    =================================================
    STAGE             :: release,
    TAGS              :: @regression and not @ignore,
    started Tests at  :: 2022-06-07T09:55:21.277Z,
    ended Tests at    :: 2022-06-07T10:01:42.594Z,
    OS name           :: win32,
    OS --version      :: 10.0.22000,
    Browser           :: chrome,
    Browser --version :: 102.0.5005.61,
    Cypress --version :: 10.0.3,
    -------------------------------------------------
    RUN RESULT 
    -------------------------------------------------
    total Tests       :: 71,
    total Failed      :: 3,
    total Passed      :: 64,
    total Pending     :: 4,
    total Skipped     :: 0,
    